22-Dec-11 08:47:43 [hdrezka] open_url_file http://hdrezkahtrwkk.net
22-Dec-11 08:47:43 [_internal] [31m[1mWARNING: This is a development server. Do not use it in a production deployment. Use a production WSGI server instead.[0m
 * Running on http://127.0.0.1:5000
22-Dec-11 08:47:43 [_internal] [33mPress CTRL+C to quit[0m
22-Dec-11 08:47:49 [hdrezka] site https://reestr.rublacklist.net/ru/?q=hdrezkahtrwkk.net not block rkn
22-Dec-11 08:47:49 [hdrezka] site_available code 200 http://hdrezkahtrwkk.net
22-Dec-11 08:47:49 [hdrezka] sleep 3600
22-Dec-11 08:48:22 [hdrezka] open_url_file http://hdrezkahtrwkk.net
22-Dec-11 08:48:22 [hdrezka] site https://reestr.rublacklist.net/ru/?q=hdrezkahtrwkk.net not block rkn
22-Dec-11 08:48:23 [hdrezka] site_available code 200 http://hdrezkahtrwkk.net
22-Dec-11 08:48:23 [hdrezka] sleep 3600
22-Dec-11 08:49:25 [hdrezka] open_url_file http://hdrezkahtrwkk.net
22-Dec-11 08:49:25 [_internal] [31m[1mWARNING: This is a development server. Do not use it in a production deployment. Use a production WSGI server instead.[0m
 * Running on http://127.0.0.1:5000
22-Dec-11 08:49:25 [_internal] [33mPress CTRL+C to quit[0m
22-Dec-11 08:49:26 [hdrezka] site https://reestr.rublacklist.net/ru/?q=hdrezkahtrwkk.net not block rkn
22-Dec-11 08:49:26 [hdrezka] site_available code 200 http://hdrezkahtrwkk.net
22-Dec-11 08:49:26 [hdrezka] sleep 3600
22-Dec-11 08:50:00 [hdrezka] open_url_file http://hdrezkahtrwkk.net
22-Dec-11 09:11:40 [hdrezka] open_url_file http://hdrezkahtrwkk.net
22-Dec-11 09:11:40 [_internal] [31m[1mWARNING: This is a development server. Do not use it in a production deployment. Use a production WSGI server instead.[0m
 * Running on http://127.0.0.1:5000
22-Dec-11 09:11:40 [_internal] [33mPress CTRL+C to quit[0m
22-Dec-11 09:11:41 [hdrezka] site https://reestr.rublacklist.net/ru/?q=hdrezkahtrwkk.net not block rkn
22-Dec-11 09:11:41 [hdrezka] site_available code 200 http://hdrezkahtrwkk.net
22-Dec-11 09:11:41 [hdrezka] sleep 3600
22-Dec-11 09:12:06 [hdrezka] open_url_file http://hdrezkahtrwkk.net
22-Dec-11 09:12:06 [_internal] [31m[1mWARNING: This is a development server. Do not use it in a production deployment. Use a production WSGI server instead.[0m
 * Running on http://127.0.0.1:5000
22-Dec-11 09:12:06 [_internal] [33mPress CTRL+C to quit[0m
22-Dec-11 09:12:06 [hdrezka] site https://reestr.rublacklist.net/ru/?q=hdrezkahtrwkk.net not block rkn
22-Dec-11 09:12:06 [hdrezka] site_available code 200 http://hdrezkahtrwkk.net
22-Dec-11 09:12:06 [hdrezka] sleep 3600
22-Dec-11 10:19:35 [hdrezka] site https://reestr.rublacklist.net/ru/?q=hdrezkahtrwkk.net not block rkn
22-Dec-11 10:19:35 [hdrezka] site_available code 200 http://hdrezkahtrwkk.net
22-Dec-11 10:19:35 [hdrezka] sleep 3600
22-Dec-11 11:19:42 [hdrezka] site https://reestr.rublacklist.net/ru/?q=hdrezkahtrwkk.net not block rkn
22-Dec-11 11:19:42 [hdrezka] site_available code 200 http://hdrezkahtrwkk.net
22-Dec-11 11:19:42 [hdrezka] sleep 3600
22-Dec-11 12:19:43 [hdrezka] site https://reestr.rublacklist.net/ru/?q=hdrezkahtrwkk.net not block rkn
22-Dec-11 12:19:43 [hdrezka] site_available code 200 http://hdrezkahtrwkk.net
22-Dec-11 12:19:43 [hdrezka] sleep 3600
22-Dec-14 06:09:37 [hdrezka] open_url_file http://hdrezkahtrwkk.net
22-Dec-14 06:09:37 [_internal] [31m[1mWARNING: This is a development server. Do not use it in a production deployment. Use a production WSGI server instead.[0m
 * Running on http://127.0.0.1:5000
22-Dec-14 06:09:37 [_internal] [33mPress CTRL+C to quit[0m
22-Dec-14 06:09:38 [hdrezka] site http://rubanlist.com/scripts/get.php?domain=hdrezkahtrwkk.net not block rkn
22-Dec-14 06:09:38 [hdrezka] site NOT available http://hdrezkahtrwkk.net code 307
22-Dec-14 06:09:38 [hdrezka] Updater go
22-Dec-14 06:09:40 [hdrezka] send_email done
22-Dec-14 06:09:50 [hdrezka] load_email done
22-Dec-14 06:09:50 [hdrezka] parsing_url http://hdrezkabyspub.net done
22-Dec-14 06:09:51 [hdrezka] site http://rubanlist.com/scripts/get.php?domain=hdrezkabyspub.net not block rkn
22-Dec-14 06:09:52 [hdrezka] site_available code 200 http://hdrezkabyspub.net
22-Dec-14 06:09:52 [hdrezka] save_url_file http://hdrezkabyspub.net
22-Dec-14 06:09:52 [hdrezka] sleep 3600
